2025-05-02 09:45:00 | INFO | repo=course-sys-int-systems-exam | action=commit
2025-12-26 15:11:00 | DEBUG | repo=course-sys-int-systems-exam | action=edit | files=1
2025-09-16 09:00:00 | DEBUG | repo=course-sys-int-systems-exam | action=commit
2025-07-01 14:29:00 | DEBUG | repo=course-sys-int-systems-exam | action=commit
2025-04-10 11:43:00 | DEBUG | repo=course-sys-int-systems-exam | action=commit
2025-02-02 16:13:00 | WARN | repo=course-sys-int-systems-exam | action=commit
2025-12-16 21:12:00 | INFO | repo=course-sys-int-systems-exam | action=commit
2025-03-01 21:37:00 | DEBUG | repo=course-sys-int-systems-exam | action=commit
2025-05-14 11:13:00 | WARN | repo=course-sys-int-systems-exam | action=commit
2025-09-17 17:50:00 | DEBUG | repo=course-sys-int-systems-exam | action=commit
2025-11-25 09:57:00 | INFO | repo=course-sys-int-systems-exam | action=pull
2025-06-18 15:42:00 | WARN | repo=course-sys-int-systems-exam | action=commit
2025-01-27 07:16:00 | INFO | repo=course-sys-int-systems-exam | action=pull
2025-09-24 07:40:00 | WARN | repo=course-sys-int-systems-exam | action=commit
2025-07-12 07:08:00 | WARN | repo=course-sys-int-systems-exam | action=commit
2025-10-27 15:10:00 | INFO | repo=course-sys-int-systems-exam | action=commit
2025-01-12 08:51:00 | WARN | repo=course-sys-int-systems-exam | action=test | passed=true
2025-05-24 17:37:00 | INFO | repo=course-sys-int-systems-exam | action=commit
2025-11-19 19:48:00 | DEBUG | repo=course-sys-int-systems-exam | action=commit
2025-02-01 16:45:00 | DEBUG | repo=course-sys-int-systems-exam | action=test | passed=true
2025-01-21 15:40:00 | WARN | repo=course-sys-int-systems-exam | action=commit
2025-09-04 21:37:00 | WARN | repo=course-sys-int-systems-exam | action=edit | files=4
2025-03-26 12:34:00 | WARN | repo=course-sys-int-systems-exam | action=commit
2025-06-20 08:17:00 | WARN | repo=course-sys-int-systems-exam | action=edit | files=1
2025-03-24 08:36:00 | WARN | repo=course-sys-int-systems-exam | action=commit
2025-06-18 08:58:00 | WARN | repo=course-sys-int-systems-exam | action=edit | files=5
2025-07-25 07:47:00 | DEBUG | repo=course-sys-int-systems-exam | action=commit
2025-12-21 21:10:00 | WARN | repo=course-sys-int-systems-exam | action=commit
2025-03-28 15:53:00 | DEBUG | repo=course-sys-int-systems-exam | action=commit
2025-11-08 13:43:00 | INFO | repo=course-sys-int-systems-exam | action=commit
2025-04-22 14:13:00 | INFO | repo=course-sys-int-systems-exam | action=test | passed=true
2025-10-10 16:46:00 | WARN | repo=course-sys-int-systems-exam | action=commit
2025-05-03 14:51:00 | WARN | repo=course-sys-int-systems-exam | action=commit
2025-06-13 07:24:00 | INFO | repo=course-sys-int-systems-exam | action=commit
2025-10-26 07:31:00 | WARN | repo=course-sys-int-systems-exam | action=commit
2025-12-09 07:46:00 | DEBUG | repo=course-sys-int-systems-exam | action=commit
2025-12-26 10:55:00 | DEBUG | repo=course-sys-int-systems-exam | action=commit
2025-12-08 11:27:00 | INFO | repo=course-sys-int-systems-exam | action=commit
2025-08-11 16:19:00 | DEBUG | repo=course-sys-int-systems-exam | action=commit
2025-01-20 13:26:00 | WARN | repo=course-sys-int-systems-exam | action=commit
2025-08-08 21:27:00 | DEBUG | repo=course-sys-int-systems-exam | action=commit
2025-02-01 16:48:00 | DEBUG | repo=course-sys-int-systems-exam | action=commit
